00000000000i[      ] Bochs x86 Emulator 3.0.devel
00000000000i[      ]   Built from GitHub snapshot after release 3.0
00000000000i[      ]   Compiled on Oct 21 2025 at 12:45:05
00000000000i[      ] System configuration
00000000000i[      ]   processors: 2 (cores=1, HT threads=1)
00000000000i[      ]   A20 line support: yes
00000000000i[      ] IPS is set to 4000000
00000000000i[      ] CPU configuration
00000000000i[      ]   SMP support: yes, quantum=16
00000000000i[      ]   Using pre-defined CPU configuration: tigerlake
00000000000i[      ] Optimization configuration
00000000000i[      ]   RepeatSpeedups support: yes
00000000000i[      ]   Fast function calls: yes
00000000000i[      ]   Handlers Chaining speedups: yes
00000000000i[      ] Devices configuration
00000000000i[      ]   PCI support: i440FX i430FX i440BX
00000000000i[      ]   Network devices support: NE2000 E1000
00000000000i[      ]   Sound support: SB16 ES1370
00000000000i[      ]   USB support: UHCI OHCI EHCI xHCI
00000000000i[      ]   VGA extension support: vbe cirrus voodoo
00000000000i[IMG   ] Disk image modules
00000000000i[IMG   ]   flat concat sparse dll growing undoable volatile vmware3
00000000000i[IMG   ]   vmware4 vvfat vbox vpc
00000000000i[NETCTL] Networking modules
00000000000i[NETCTL]   null linux socket vde slirp vnet tuntap
00000000000i[SNDCTL] Sound drivers
00000000000i[SNDCTL]   dummy pulse alsa oss file
00000000000i[USBCTL] Pluggable USB devices
00000000000i[USBCTL]   hub floppy printer disk cdrom mouse tablet keypad
00000000000i[USBCTL]   keyboard
00000000000i[MEM0  ] allocated memory at 0x743d36827010. after alignment, vector=0x743d36828000, block_size = 128K
00000000000i[MEM0  ] 1024.00MB
00000000000i[MEM0  ] mem block size = 0x00020000, blocks=8192
00000000000i[MEM0  ] rom at 0xfffe0000/131072 ('/home/lmenten/src/kasmos/bin/bochs/share/bochs/BIOS-bochs-latest')
00000000000i[CPU0  ] WARNING: RDRAND would not produce true random numbers !
00000000000i[CPU0  ] WARNING: RDSEED would not produce true random numbers !
00000000000i[CPU0  ] initialized CPU model tigerlake
00000000000i[CPU1  ] WARNING: RDRAND would not produce true random numbers !
00000000000i[CPU1  ] WARNING: RDSEED would not produce true random numbers !
00000000000i[CPU1  ] initialized CPU model tigerlake
00000000000i[DEV   ] will paste characters every 100 iodev timer ticks
00000000000i[      ] lt_dlhandle is 0x5615ff9760a0
00000000000i[PLUGIN] loaded plugin libbx_sounddummy.so
00000000000i[      ] lt_dlhandle is 0x5615ff976120
00000000000i[PLUGIN] loaded plugin libbx_pci.so
00000000000i[      ] lt_dlhandle is 0x5615ff977d80
00000000000i[PLUGIN] loaded plugin libbx_pci2isa.so
00000000000i[      ] lt_dlhandle is 0x5615ff978940
00000000000i[PLUGIN] loaded plugin libbx_usb_uhci.so
00000000000i[      ] lt_dlhandle is 0x5615ff97afc0
00000000000i[PLUGIN] loaded plugin libbx_acpi.so
00000000000i[      ] lt_dlhandle is 0x5615ff97bb40
00000000000i[PLUGIN] loaded plugin libbx_hpet.so
00000000000i[      ] lt_dlhandle is 0x5615ff97ca20
00000000000i[PLUGIN] loaded plugin libbx_cmos.so
00000000000i[      ] lt_dlhandle is 0x5615ff97d2a0
00000000000i[PLUGIN] loaded plugin libbx_dma.so
00000000000i[      ] lt_dlhandle is 0x5615ff97dc70
00000000000i[PLUGIN] loaded plugin libbx_pic.so
00000000000i[      ] lt_dlhandle is 0x5615ff97e4d0
00000000000i[PLUGIN] loaded plugin libbx_pit.so
00000000000i[      ] lt_dlhandle is 0x5615ff97ef00
00000000000i[PLUGIN] loaded plugin libbx_vga.so
00000000000i[      ] lt_dlhandle is 0x5615ff980610
00000000000i[PLUGIN] loaded plugin libbx_floppy.so
00000000000i[      ] lt_dlhandle is 0x5615ff981480
00000000000i[PLUGIN] loaded plugin libbx_ioapic.so
00000000000i[      ] lt_dlhandle is 0x5615ff981ce0
00000000000i[PLUGIN] loaded plugin libbx_keyboard.so
00000000000i[      ] lt_dlhandle is 0x5615ff982610
00000000000i[PLUGIN] loaded plugin libbx_pci_ide.so
00000000000i[      ] lt_dlhandle is 0x5615ff983150
00000000000i[PLUGIN] loaded plugin libbx_harddrv.so
00000000000i[PLUGIN] init_dev of 'pci' plugin device by virtual method
00000000000i[DEV   ] i440FX PMC present at device 0, function 0
00000000000i[PLUGIN] init_dev of 'pci2isa' plugin device by virtual method
00000000000i[DEV   ] PIIX3 PCI-to-ISA bridge present at device 1, function 0
00000000000i[PLUGIN] init_dev of 'cmos' plugin device by virtual method
00000000000i[CMOS  ] Using local time for initial clock
00000000000i[CMOS  ] Setting initial clock to: Tue Oct 21 13:29:25   2025 tz=utc (time0=1761053365)
00000000000i[PLUGIN] init_dev of 'dma' plugin device by virtual method
00000000000i[DMA   ] channel 4 used by cascade
00000000000i[PLUGIN] init_dev of 'pic' plugin device by virtual method
00000000000i[PLUGIN] init_dev of 'pit' plugin device by virtual method
00000000000i[PLUGIN] init_dev of 'vga' plugin device by virtual method
00000000000i[MEM0  ] Register memory access handlers: 0x0000000a0000 - 0x0000000bffff
00000000000i[VGA   ] interval=100000, mode=realtime
00000000000i[VGA   ] Setting VGA update interval to 100000 (10.0 Hz)
00000000000i[VGA   ] VSYNC using standard mode
00000000000i[MEM0  ] Register memory access handlers: 0x0000e0000000 - 0x0000e0ffffff
00000000000i[BXVGA ] VBE Bochs Display Extension Enabled (16 MB)
00000000000i[XGUI  ] test_alloc_colors: 16 colors available out of 16 colors tried
00000000000i[XGUI  ] font 8 wide x 16 high, display depth = 24
00000000000i[      ] Reading gui debugger settings from local ini file
00000000000i[XGUI  ] maximum host resolution: x=2560 y=1550
00000000000i[MEM0  ] rom at 0xc0000/32768 ('/home/lmenten/src/kasmos/bin/bochs/share/bochs/VGABIOS-lgpl-latest.bin')
00000000000i[PLUGIN] init_dev of 'floppy' plugin device by virtual method
00000000000i[DMA   ] channel 2 used by Floppy Drive
00000000000i[FLOPPY] Using boot sequence cdrom, none, none
00000000000i[FLOPPY] Floppy boot signature check is enabled
00000000000i[PLUGIN] init_dev of 'acpi' plugin device by virtual method
00000000000i[DEV   ] ACPI Controller present at device 1, function 3
00000000000i[PLUGIN] init_dev of 'hpet' plugin device by virtual method
00000000000i[HPET  ] initializing HPET
00000000000i[MEM0  ] Register memory access handlers: 0x0000fed00000 - 0x0000fed003ff
00000000000i[PLUGIN] init_dev of 'ioapic' plugin device by virtual method
00000000000i[IOAPIC] initializing I/O APIC
00000000000i[MEM0  ] Register memory access handlers: 0x0000fec00000 - 0x0000fec00fff
00000000000i[IOAPIC] IOAPIC enabled (base address = 0xfec00000)
00000000000i[PLUGIN] init_dev of 'keyboard' plugin device by virtual method
00000000000i[PLUGIN] init_dev of 'pci_ide' plugin device by virtual method
00000000000i[DEV   ] PIIX3 PCI IDE controller present at device 1, function 1
00000000000i[PLUGIN] init_dev of 'harddrv' plugin device by virtual method
00000000000i[HD    ] CD on ata0-0: '/home/lmenten/src/kasmos/kasmos.iso'
00000000000i[CD1   ] load cdrom with path='/home/lmenten/src/kasmos/kasmos.iso'
00000000000i[CD1   ] Opening image file as a cd.
00000000000i[HD    ] Media present in CD-ROM drive
00000000000i[HD    ] Capacity is 1898 sectors (3.71 MB)
00000000000i[PLUGIN] init_dev of 'unmapped' plugin device by virtual method
00000000000i[PLUGIN] init_dev of 'speaker' plugin device by virtual method
00000000000i[PCSPK ] Using lowlevel sound support for output
00000000000i[PLUGIN] init_dev of 'extfpuirq' plugin device by virtual method
00000000000i[PLUGIN] init_dev of 'biosdev' plugin device by virtual method
00000000000i[PLUGIN] init_dev of 'gameport' plugin device by virtual method
00000000000i[PLUGIN] init_dev of 'parallel' plugin device by virtual method
00000000000i[PAR   ] parallel port 1 at 0x0378 irq 7
00000000000i[PLUGIN] init_dev of 'serial' plugin device by virtual method
00000000000i[SER   ] com1 at 0x03f8 irq 4 (mode: null)
00000000000i[PLUGIN] init_dev of 'iodebug' plugin device by virtual method
00000000000i[PLUGIN] init_dev of 'usb_uhci' plugin device by virtual method
00000000000i[DEV   ] USB UHCI present at device 1, function 2
00000000000i[UHCI  ] USB UHCI initialized
00000000000i[PLUGIN] register state of 'pci' plugin device by virtual method
00000000000i[PLUGIN] register state of 'pci2isa' plugin device by virtual method
00000000000i[PLUGIN] register state of 'cmos' plugin device by virtual method
00000000000i[PLUGIN] register state of 'dma' plugin device by virtual method
00000000000i[PLUGIN] register state of 'pic' plugin device by virtual method
00000000000i[PLUGIN] register state of 'pit' plugin device by virtual method
00000000000i[PLUGIN] register state of 'vga' plugin device by virtual method
00000000000i[PLUGIN] register state of 'floppy' plugin device by virtual method
00000000000i[PLUGIN] register state of 'unmapped' plugin device by virtual method
00000000000i[PLUGIN] register state of 'speaker' plugin device by virtual method
00000000000i[PLUGIN] register state of 'extfpuirq' plugin device by virtual method
00000000000i[PLUGIN] register state of 'biosdev' plugin device by virtual method
00000000000i[PLUGIN] register state of 'gameport' plugin device by virtual method
00000000000i[PLUGIN] register state of 'parallel' plugin device by virtual method
00000000000i[PLUGIN] register state of 'serial' plugin device by virtual method
00000000000i[PLUGIN] register state of 'iodebug' plugin device by virtual method
00000000000i[PLUGIN] register state of 'usb_uhci' plugin device by virtual method
00000000000i[PLUGIN] register state of 'acpi' plugin device by virtual method
00000000000i[PLUGIN] register state of 'hpet' plugin device by virtual method
00000000000i[PLUGIN] register state of 'ioapic' plugin device by virtual method
00000000000i[PLUGIN] register state of 'keyboard' plugin device by virtual method
00000000000i[PLUGIN] register state of 'pci_ide' plugin device by virtual method
00000000000i[PLUGIN] register state of 'harddrv' plugin device by virtual method
00000000000i[SYS   ] bx_pc_system_c::Reset(HARDWARE) called
00000000000i[CPU0  ] cpu hardware reset
00000000000i[APIC0 ] allocate APIC id=0 (MMIO enabled) to 0x0000fee00000
00000000000i[CPU0  ] CPU[0] is the bootstrap processor
00000000000i[CPU0  ] CPUID[0x00000000]: 0000001b 756e6547 6c65746e 49656e69
00000000000i[CPU0  ] CPUID[0x00000001]: 000806c1 00010800 77faf3bf bfebfbff
00000000000i[CPU0  ] CPUID[0x00000002]: 00feff01 000000f0 00000000 00000000
00000000000i[CPU0  ] CPUID[0x00000003]: 00000000 00000000 00000000 00000000
00000000000i[CPU0  ] CPUID[0x00000004]: 1c004121 02c0003f 0000003f 00000000
00000000000i[CPU0  ] CPUID[0x00000005]: 00000040 00000040 00000003 11121020
00000000000i[CPU0  ] CPUID[0x00000006]: 0017eff7 00000002 00000009 00000000
00000000000i[CPU0  ] CPUID[0x00000007]: 00000000 f1bf27eb 18405fce fc100510
00000000000i[CPU0  ] CPUID[0x00000008]: 00000000 00000000 00000000 00000000
00000000000i[CPU0  ] CPUID[0x00000009]: 00000000 00000000 00000000 00000000
00000000000i[CPU0  ] WARNING: Architectural Performance Monitoring is not implemented
00000000000i[CPU0  ] CPUID[0x0000000a]: 08300805 00000000 0000000f 00008604
00000000000i[CPU0  ] CPUID[0x0000000b]: 00000001 00000001 00000100 00000000
00000000000i[CPU0  ] CPUID[0x0000000c]: 00000000 00000000 00000000 00000000
00000000000i[CPU0  ] CPUID[0x0000000d]: 000002e7 00000240 00000a88 00000000
00000000000i[CPU0  ] CPUID[0x0000000e]: 00000000 00000000 00000000 00000000
00000000000i[CPU0  ] CPUID[0x0000000f]: 00000000 00000000 00000000 00000000
00000000000i[CPU0  ] CPUID[0x00000010]: 00000000 00000000 00000000 00000000
00000000000i[CPU0  ] CPUID[0x00000011]: 00000000 00000000 00000000 00000000
00000000000i[CPU0  ] CPUID[0x00000012]: 00000000 00000000 00000000 00000000
00000000000i[CPU0  ] CPUID[0x00000013]: 00000000 00000000 00000000 00000000
00000000000i[CPU0  ] CPUID[0x00000014]: 00000000 00000000 00000000 00000000
00000000000i[CPU0  ] CPUID[0x00000015]: 00000002 0000007e 0249f000 00000000
00000000000i[CPU0  ] CPUID[0x00000016]: 00000960 00001068 00000064 00000000
00000000000i[CPU0  ] CPUID[0x00000017]: 00000000 00000000 00000000 00000000
00000000000i[CPU0  ] CPUID[0x00000018]: 00000008 00000000 00000000 00000000
00000000000i[CPU0  ] CPUID[0x00000019]: 00000000 00000000 00000000 00000000
00000000000i[CPU0  ] CPUID[0x0000001a]: 00000000 00000000 00000000 00000000
00000000000i[CPU0  ] CPUID[0x0000001b]: 00000000 00000000 00000000 00000000
00000000000i[CPU0  ] CPUID[0x80000000]: 80000008 00000000 00000000 00000000
00000000000i[CPU0  ] CPUID[0x80000001]: 00000000 00000000 00000121 2c100000
00000000000i[CPU0  ] CPUID[0x80000002]: 68743131 6e654720 746e4920 52286c65
00000000000i[CPU0  ] CPUID[0x80000003]: 6f432029 54286572 6920294d 31312d35
00000000000i[CPU0  ] CPUID[0x80000004]: 37473533 32204020 4730342e 00007a48
00000000000i[CPU0  ] CPUID[0x80000005]: 00000000 00000000 00000000 00000000
00000000000i[CPU0  ] CPUID[0x80000006]: 00000000 00000000 01007040 00000000
00000000000i[CPU0  ] CPUID[0x80000007]: 00000000 00000000 00000000 00000100
00000000000i[CPU0  ] CPUID[0x80000008]: 00003028 00000200 00000000 00000000
00000000000i[CPU0  ] CPU Features supported:
00000000000i[CPU0  ] 		x87
00000000000i[CPU0  ] 		486ni
00000000000i[CPU0  ] 		pentium_ni
00000000000i[CPU0  ] 		p6ni
00000000000i[CPU0  ] 		mmx
00000000000i[CPU0  ] 		debugext
00000000000i[CPU0  ] 		vme
00000000000i[CPU0  ] 		pse
00000000000i[CPU0  ] 		pae
00000000000i[CPU0  ] 		pge
00000000000i[CPU0  ] 		mtrr
00000000000i[CPU0  ] 		pat
00000000000i[CPU0  ] 		sysenter_sysexit
00000000000i[CPU0  ] 		clflush
00000000000i[CPU0  ] 		clflushopt
00000000000i[CPU0  ] 		clwb
00000000000i[CPU0  ] 		sse
00000000000i[CPU0  ] 		sse2
00000000000i[CPU0  ] 		sse3
00000000000i[CPU0  ] 		ssse3
00000000000i[CPU0  ] 		sse4_1
00000000000i[CPU0  ] 		sse4_2
00000000000i[CPU0  ] 		popcnt
00000000000i[CPU0  ] 		mwait
00000000000i[CPU0  ] 		longmode
00000000000i[CPU0  ] 		lm_lahf_sahf
00000000000i[CPU0  ] 		nx
00000000000i[CPU0  ] 		1g_pages
00000000000i[CPU0  ] 		cmpxhg16b
00000000000i[CPU0  ] 		rdtscp
00000000000i[CPU0  ] 		xsave
00000000000i[CPU0  ] 		xsaveopt
00000000000i[CPU0  ] 		xsavec
00000000000i[CPU0  ] 		xsaves
00000000000i[CPU0  ] 		aes_pclmulqdq
00000000000i[CPU0  ] 		vaes_vpclmulqdq
00000000000i[CPU0  ] 		movbe
00000000000i[CPU0  ] 		fsgsbase
00000000000i[CPU0  ] 		avx
00000000000i[CPU0  ] 		avx2
00000000000i[CPU0  ] 		avx_f16c
00000000000i[CPU0  ] 		avx_fma
00000000000i[CPU0  ] 		lzcnt
00000000000i[CPU0  ] 		bmi1
00000000000i[CPU0  ] 		bmi2
00000000000i[CPU0  ] 		vmx
00000000000i[CPU0  ] 		rdrand
00000000000i[CPU0  ] 		rdseed
00000000000i[CPU0  ] 		adx
00000000000i[CPU0  ] 		smap
00000000000i[CPU0  ] 		smep
00000000000i[CPU0  ] 		sha
00000000000i[CPU0  ] 		gfni
00000000000i[CPU0  ] 		avx512
00000000000i[CPU0  ] 		avx512dq
00000000000i[CPU0  ] 		avx512bw
00000000000i[CPU0  ] 		avx512cd
00000000000i[CPU0  ] 		avx512vbmi
00000000000i[CPU0  ] 		avx512vbmi2
00000000000i[CPU0  ] 		avx512ifma52
00000000000i[CPU0  ] 		avx512vpopcnt
00000000000i[CPU0  ] 		avx512vnni
00000000000i[CPU0  ] 		avx512bitalg
00000000000i[CPU0  ] 		avx512vp2intersect
00000000000i[CPU0  ] 		xapic
00000000000i[CPU0  ] 		x2apic
00000000000i[CPU0  ] 		pcid
00000000000i[CPU0  ] 		invpcid
00000000000i[CPU0  ] 		tsc_adjust
00000000000i[CPU0  ] 		tsc_deadline
00000000000i[CPU0  ] 		fcs_fds_deprecation
00000000000i[CPU0  ] 		fdp_deprecation
00000000000i[CPU0  ] 		pku
00000000000i[CPU0  ] 		umip
00000000000i[CPU0  ] 		rdpid
00000000000i[CPU0  ] 		sca_mitigations
00000000000i[CPU0  ] 		cet
00000000000i[CPU0  ] 		movdiri
00000000000i[CPU0  ] 		movdir64b
00000000000i[CPU1  ] cpu hardware reset
00000000000i[APIC1 ] allocate APIC id=1 (MMIO enabled) to 0x0000fee00000
00000000000i[CPU1  ] CPU[1] is an application processor. Halting until SIPI.
00000000000i[CPU1  ] CPUID[0x00000000]: 0000001b 756e6547 6c65746e 49656e69
00000000000i[CPU1  ] CPUID[0x00000001]: 000806c1 01010800 77faf3bf bfebfbff
00000000000i[CPU1  ] CPUID[0x00000002]: 00feff01 000000f0 00000000 00000000
00000000000i[CPU1  ] CPUID[0x00000003]: 00000000 00000000 00000000 00000000
00000000000i[CPU1  ] CPUID[0x00000004]: 1c004121 02c0003f 0000003f 00000000
00000000000i[CPU1  ] CPUID[0x00000005]: 00000040 00000040 00000003 11121020
00000000000i[CPU1  ] CPUID[0x00000006]: 0017eff7 00000002 00000009 00000000
00000000000i[CPU1  ] CPUID[0x00000007]: 00000000 f1bf27eb 18405fce fc100510
00000000000i[CPU1  ] CPUID[0x00000008]: 00000000 00000000 00000000 00000000
00000000000i[CPU1  ] CPUID[0x00000009]: 00000000 00000000 00000000 00000000
00000000000i[CPU1  ] WARNING: Architectural Performance Monitoring is not implemented
00000000000i[CPU1  ] CPUID[0x0000000a]: 08300805 00000000 0000000f 00008604
00000000000i[CPU1  ] CPUID[0x0000000b]: 00000001 00000001 00000100 00000001
00000000000i[CPU1  ] CPUID[0x0000000c]: 00000000 00000000 00000000 00000000
00000000000i[CPU1  ] CPUID[0x0000000d]: 000002e7 00000240 00000a88 00000000
00000000000i[CPU1  ] CPUID[0x0000000e]: 00000000 00000000 00000000 00000000
00000000000i[CPU1  ] CPUID[0x0000000f]: 00000000 00000000 00000000 00000000
00000000000i[CPU1  ] CPUID[0x00000010]: 00000000 00000000 00000000 00000000
00000000000i[CPU1  ] CPUID[0x00000011]: 00000000 00000000 00000000 00000000
00000000000i[CPU1  ] CPUID[0x00000012]: 00000000 00000000 00000000 00000000
00000000000i[CPU1  ] CPUID[0x00000013]: 00000000 00000000 00000000 00000000
00000000000i[CPU1  ] CPUID[0x00000014]: 00000000 00000000 00000000 00000000
00000000000i[CPU1  ] CPUID[0x00000015]: 00000002 0000007e 0249f000 00000000
00000000000i[CPU1  ] CPUID[0x00000016]: 00000960 00001068 00000064 00000000
00000000000i[CPU1  ] CPUID[0x00000017]: 00000000 00000000 00000000 00000000
00000000000i[CPU1  ] CPUID[0x00000018]: 00000008 00000000 00000000 00000000
00000000000i[CPU1  ] CPUID[0x00000019]: 00000000 00000000 00000000 00000000
00000000000i[CPU1  ] CPUID[0x0000001a]: 00000000 00000000 00000000 00000000
00000000000i[CPU1  ] CPUID[0x0000001b]: 00000000 00000000 00000000 00000000
00000000000i[CPU1  ] CPUID[0x80000000]: 80000008 00000000 00000000 00000000
00000000000i[CPU1  ] CPUID[0x80000001]: 00000000 00000000 00000121 2c100000
00000000000i[CPU1  ] CPUID[0x80000002]: 68743131 6e654720 746e4920 52286c65
00000000000i[CPU1  ] CPUID[0x80000003]: 6f432029 54286572 6920294d 31312d35
00000000000i[CPU1  ] CPUID[0x80000004]: 37473533 32204020 4730342e 00007a48
00000000000i[CPU1  ] CPUID[0x80000005]: 00000000 00000000 00000000 00000000
00000000000i[CPU1  ] CPUID[0x80000006]: 00000000 00000000 01007040 00000000
00000000000i[CPU1  ] CPUID[0x80000007]: 00000000 00000000 00000000 00000100
00000000000i[CPU1  ] CPUID[0x80000008]: 00003028 00000200 00000000 00000000
00000000000i[CPU1  ] CPU Features supported:
00000000000i[CPU1  ] 		x87
00000000000i[CPU1  ] 		486ni
00000000000i[CPU1  ] 		pentium_ni
00000000000i[CPU1  ] 		p6ni
00000000000i[CPU1  ] 		mmx
00000000000i[CPU1  ] 		debugext
00000000000i[CPU1  ] 		vme
00000000000i[CPU1  ] 		pse
00000000000i[CPU1  ] 		pae
00000000000i[CPU1  ] 		pge
00000000000i[CPU1  ] 		mtrr
00000000000i[CPU1  ] 		pat
00000000000i[CPU1  ] 		sysenter_sysexit
00000000000i[CPU1  ] 		clflush
00000000000i[CPU1  ] 		clflushopt
00000000000i[CPU1  ] 		clwb
00000000000i[CPU1  ] 		sse
00000000000i[CPU1  ] 		sse2
00000000000i[CPU1  ] 		sse3
00000000000i[CPU1  ] 		ssse3
00000000000i[CPU1  ] 		sse4_1
00000000000i[CPU1  ] 		sse4_2
00000000000i[CPU1  ] 		popcnt
00000000000i[CPU1  ] 		mwait
00000000000i[CPU1  ] 		longmode
00000000000i[CPU1  ] 		lm_lahf_sahf
00000000000i[CPU1  ] 		nx
00000000000i[CPU1  ] 		1g_pages
00000000000i[CPU1  ] 		cmpxhg16b
00000000000i[CPU1  ] 		rdtscp
00000000000i[CPU1  ] 		xsave
00000000000i[CPU1  ] 		xsaveopt
00000000000i[CPU1  ] 		xsavec
00000000000i[CPU1  ] 		xsaves
00000000000i[CPU1  ] 		aes_pclmulqdq
00000000000i[CPU1  ] 		vaes_vpclmulqdq
00000000000i[CPU1  ] 		movbe
00000000000i[CPU1  ] 		fsgsbase
00000000000i[CPU1  ] 		avx
00000000000i[CPU1  ] 		avx2
00000000000i[CPU1  ] 		avx_f16c
00000000000i[CPU1  ] 		avx_fma
00000000000i[CPU1  ] 		lzcnt
00000000000i[CPU1  ] 		bmi1
00000000000i[CPU1  ] 		bmi2
00000000000i[CPU1  ] 		vmx
00000000000i[CPU1  ] 		rdrand
00000000000i[CPU1  ] 		rdseed
00000000000i[CPU1  ] 		adx
00000000000i[CPU1  ] 		smap
00000000000i[CPU1  ] 		smep
00000000000i[CPU1  ] 		sha
00000000000i[CPU1  ] 		gfni
00000000000i[CPU1  ] 		avx512
00000000000i[CPU1  ] 		avx512dq
00000000000i[CPU1  ] 		avx512bw
00000000000i[CPU1  ] 		avx512cd
00000000000i[CPU1  ] 		avx512vbmi
00000000000i[CPU1  ] 		avx512vbmi2
00000000000i[CPU1  ] 		avx512ifma52
00000000000i[CPU1  ] 		avx512vpopcnt
00000000000i[CPU1  ] 		avx512vnni
00000000000i[CPU1  ] 		avx512bitalg
00000000000i[CPU1  ] 		avx512vp2intersect
00000000000i[CPU1  ] 		xapic
00000000000i[CPU1  ] 		x2apic
00000000000i[CPU1  ] 		pcid
00000000000i[CPU1  ] 		invpcid
00000000000i[CPU1  ] 		tsc_adjust
00000000000i[CPU1  ] 		tsc_deadline
00000000000i[CPU1  ] 		fcs_fds_deprecation
00000000000i[CPU1  ] 		fdp_deprecation
00000000000i[CPU1  ] 		pku
00000000000i[CPU1  ] 		umip
00000000000i[CPU1  ] 		rdpid
00000000000i[CPU1  ] 		sca_mitigations
00000000000i[CPU1  ] 		cet
00000000000i[CPU1  ] 		movdiri
00000000000i[CPU1  ] 		movdir64b
00000000000i[PLUGIN] reset of 'pci' plugin device by virtual method
00000000000i[PLUGIN] reset of 'pci2isa' plugin device by virtual method
00000000000i[PLUGIN] reset of 'cmos' plugin device by virtual method
00000000000i[PLUGIN] reset of 'dma' plugin device by virtual method
00000000000i[PLUGIN] reset of 'pic' plugin device by virtual method
00000000000i[PLUGIN] reset of 'pit' plugin device by virtual method
00000000000i[PLUGIN] reset of 'vga' plugin device by virtual method
00000000000i[DDC   ] Using default EDID for resolution 1920x1200
00000000000i[PLUGIN] reset of 'floppy' plugin device by virtual method
00000000000i[PLUGIN] reset of 'acpi' plugin device by virtual method
00000000000i[PLUGIN] reset of 'hpet' plugin device by virtual method
00000000000i[PLUGIN] reset of 'ioapic' plugin device by virtual method
00000000000i[PLUGIN] reset of 'keyboard' plugin device by virtual method
00000000000i[PLUGIN] reset of 'pci_ide' plugin device by virtual method
00000000000i[PLUGIN] reset of 'harddrv' plugin device by virtual method
00000000000i[PLUGIN] reset of 'unmapped' plugin device by virtual method
00000000000i[PLUGIN] reset of 'speaker' plugin device by virtual method
00000000000i[PLUGIN] reset of 'extfpuirq' plugin device by virtual method
00000000000i[PLUGIN] reset of 'biosdev' plugin device by virtual method
00000000000i[PLUGIN] reset of 'gameport' plugin device by virtual method
00000000000i[PLUGIN] reset of 'parallel' plugin device by virtual method
00000000000i[PLUGIN] reset of 'serial' plugin device by virtual method
00000000000i[PLUGIN] reset of 'iodebug' plugin device by virtual method
00000000000i[PLUGIN] reset of 'usb_uhci' plugin device by virtual method
00000001740i[BIOS  ] BIOS BUILD DATE: 05/15/25
00000314450i[KBD   ] reset-disable command received
00000316430i[BIOS  ] Starting rombios32
00000316865i[BIOS  ] Shutdown flag 0
00000317475i[BIOS  ] ram_size=0x40000000
00000317950i[BIOS  ] ram_end=1024MB
00000318685i[APIC1 ] Deliver INIT IPI
00000318685i[APIC1 ] Deliver Start Up IPI
00000318685i[CPU1  ] CPU 1 started up at 9F00:00000000 by APIC
00000358710i[BIOS  ] Found 2 cpu(s)
00000372705i[BIOS  ] bios_table_addr: 0x000fa1d8 end=0x000fcc00
00000700535i[PCI   ] i440FX PMC write to PAM register 59 (TLB Flush)
00001028480i[P2ISA ] PCI IRQ routing: PIRQA# set to 0x0b
00001028505i[P2ISA ] PCI IRQ routing: PIRQB# set to 0x09
00001028530i[P2ISA ] PCI IRQ routing: PIRQC# set to 0x0b
00001028555i[P2ISA ] PCI IRQ routing: PIRQD# set to 0x09
00001028565i[P2ISA ] write: ELCR2 = 0x0a
00001029335i[BIOS  ] PIIX3/PIIX4 init: elcr=00 0a
00001037360i[BIOS  ] PCI: bus=0 devfn=0x00: vendor_id=0x8086 device_id=0x1237 class=0x0600
00001039730i[BIOS  ] PCI: bus=0 devfn=0x08: vendor_id=0x8086 device_id=0x7000 class=0x0601
00001041935i[BIOS  ] PCI: bus=0 devfn=0x09: vendor_id=0x8086 device_id=0x7010 class=0x0101
00001042200i[PIDE  ] BAR #4: i/o base address = 0xc000
00001042820i[BIOS  ] region 4: 0x0000c000
00001044845i[BIOS  ] PCI: bus=0 devfn=0x0a: vendor_id=0x8086 device_id=0x7020 class=0x0c03
00001045090i[UHCI  ] BAR #4: i/o base address = 0xc020
00001045705i[BIOS  ] region 4: 0x0000c020
00001045850i[UHCI  ] new IRQ line = 9
00001047750i[BIOS  ] PCI: bus=0 devfn=0x0b: vendor_id=0x8086 device_id=0x7113 class=0x0680
00001048095i[ACPI  ] new PM base address: 0xb000
00001048110i[ACPI  ] new SM base address: 0xb100
00001048135i[PCI   ] setting SMRAM control register to 0x4a
00001212270i[CPU0  ] Enter to System Management Mode
00001212270i[CPU0  ] enter_system_management_mode: temporary disable VMX while in SMM mode
00001212280i[CPU0  ] RSM: Resuming from System Management Mode
00001376340i[PCI   ] setting SMRAM control register to 0x0a
00001391865i[BIOS  ] MP table addr=0x000fa2c0 MPC table addr=0x000fa1e0 size=0xdc
00001393670i[BIOS  ] SMBIOS table addr=0x000fa2d0
00001394385i[BIOS  ] HPET present at 0xfed00000
00001396590i[BIOS  ] ACPI tables: RSDP addr=0x000fa420 ACPI DATA addr=0x3fff0000 size=0x1010
00001399615i[BIOS  ] Firmware waking vector 0x3fff00cc
00001401955i[PCI   ] i440FX PMC write to PAM register 59 (TLB Flush)
00001402685i[BIOS  ] bios_table_cur_addr: 0x000fa444
00001502635i[VBIOS ] VGABios ID: vgabios.c 2025-01-08
00001502715i[BXVGA ] VBE known Display Interface b0c0
00001502755i[BXVGA ] VBE known Display Interface b0c5
00001504175i[VBIOS ] VBE Bios ID: vbe.c 2025-01-08
00005228445i[BIOS  ] IDE time out
00017488605i[BIOS  ] Booting from 07c0:0000
00022234545i[BIOS  ] int13_harddisk: function 48, unmapped device for ELDL=80
00022238250i[BIOS  ] int13_harddisk: function 48, unmapped device for ELDL=81
00022241955i[BIOS  ] int13_harddisk: function 48, unmapped device for ELDL=82
00022245660i[BIOS  ] int13_harddisk: function 48, unmapped device for ELDL=83
00022249365i[BIOS  ] int13_harddisk: function 48, unmapped device for ELDL=84
00022253070i[BIOS  ] int13_harddisk: function 48, unmapped device for ELDL=85
00022256775i[BIOS  ] int13_harddisk: function 48, unmapped device for ELDL=86
00022260480i[BIOS  ] int13_harddisk: function 48, unmapped device for ELDL=87
00022263800i[BIOS  ] int13_harddisk: function 48, ELDL out of range 88
00022267115i[BIOS  ] int13_harddisk: function 48, ELDL out of range 89
00022270435i[BIOS  ] int13_harddisk: function 48, ELDL out of range 8a
00022273755i[BIOS  ] int13_harddisk: function 48, ELDL out of range 8b
00022277075i[BIOS  ] int13_harddisk: function 48, ELDL out of range 8c
00022280395i[BIOS  ] int13_harddisk: function 48, ELDL out of range 8d
00022283710i[BIOS  ] int13_harddisk: function 48, ELDL out of range 8e
00022287030i[BIOS  ] int13_harddisk: function 48, ELDL out of range 8f
00022290350i[BIOS  ] int13_harddisk: function 48, ELDL out of range 90
00022293665i[BIOS  ] int13_harddisk: function 48, ELDL out of range 91
00022296985i[BIOS  ] int13_harddisk: function 48, ELDL out of range 92
00022300305i[BIOS  ] int13_harddisk: function 48, ELDL out of range 93
00022303620i[BIOS  ] int13_harddisk: function 48, ELDL out of range 94
00022306940i[BIOS  ] int13_harddisk: function 48, ELDL out of range 95
00022310255i[BIOS  ] int13_harddisk: function 48, ELDL out of range 96
00022313575i[BIOS  ] int13_harddisk: function 48, ELDL out of range 97
00022316895i[BIOS  ] int13_harddisk: function 48, ELDL out of range 98
00022320210i[BIOS  ] int13_harddisk: function 48, ELDL out of range 99
00022323530i[BIOS  ] int13_harddisk: function 48, ELDL out of range 9a
00022326850i[BIOS  ] int13_harddisk: function 48, ELDL out of range 9b
00022330170i[BIOS  ] int13_harddisk: function 48, ELDL out of range 9c
00022333485i[BIOS  ] int13_harddisk: function 48, ELDL out of range 9d
00022336805i[BIOS  ] int13_harddisk: function 48, ELDL out of range 9e
00022340125i[BIOS  ] int13_harddisk: function 48, ELDL out of range 9f
00022343445i[BIOS  ] int13_harddisk: function 48, ELDL out of range a0
00022346765i[BIOS  ] int13_harddisk: function 48, ELDL out of range a1
00022350080i[BIOS  ] int13_harddisk: function 48, ELDL out of range a2
00022353400i[BIOS  ] int13_harddisk: function 48, ELDL out of range a3
00022356720i[BIOS  ] int13_harddisk: function 48, ELDL out of range a4
00022360040i[BIOS  ] int13_harddisk: function 48, ELDL out of range a5
00022363360i[BIOS  ] int13_harddisk: function 48, ELDL out of range a6
00022366675i[BIOS  ] int13_harddisk: function 48, ELDL out of range a7
00022369995i[BIOS  ] int13_harddisk: function 48, ELDL out of range a8
00022373315i[BIOS  ] int13_harddisk: function 48, ELDL out of range a9
00022376635i[BIOS  ] int13_harddisk: function 48, ELDL out of range aa
00022379955i[BIOS  ] int13_harddisk: function 48, ELDL out of range ab
00022383275i[BIOS  ] int13_harddisk: function 48, ELDL out of range ac
00022386595i[BIOS  ] int13_harddisk: function 48, ELDL out of range ad
00022389915i[BIOS  ] int13_harddisk: function 48, ELDL out of range ae
00022393235i[BIOS  ] int13_harddisk: function 48, ELDL out of range af
00022396555i[BIOS  ] int13_harddisk: function 48, ELDL out of range b0
00022399875i[BIOS  ] int13_harddisk: function 48, ELDL out of range b1
00022403190i[BIOS  ] int13_harddisk: function 48, ELDL out of range b2
00022406510i[BIOS  ] int13_harddisk: function 48, ELDL out of range b3
00022409830i[BIOS  ] int13_harddisk: function 48, ELDL out of range b4
00022413170i[BIOS  ] int13_harddisk: function 48, ELDL out of range b5
00022416490i[BIOS  ] int13_harddisk: function 48, ELDL out of range b6
00022419810i[BIOS  ] int13_harddisk: function 48, ELDL out of range b7
00022423130i[BIOS  ] int13_harddisk: function 48, ELDL out of range b8
00022426450i[BIOS  ] int13_harddisk: function 48, ELDL out of range b9
00022429770i[BIOS  ] int13_harddisk: function 48, ELDL out of range ba
00022433090i[BIOS  ] int13_harddisk: function 48, ELDL out of range bb
00022436410i[BIOS  ] int13_harddisk: function 48, ELDL out of range bc
00022439730i[BIOS  ] int13_harddisk: function 48, ELDL out of range bd
00022443050i[BIOS  ] int13_harddisk: function 48, ELDL out of range be
00022446370i[BIOS  ] int13_harddisk: function 48, ELDL out of range bf
00022449685i[BIOS  ] int13_harddisk: function 48, ELDL out of range c0
00022453005i[BIOS  ] int13_harddisk: function 48, ELDL out of range c1
00022456325i[BIOS  ] int13_harddisk: function 48, ELDL out of range c2
00022459645i[BIOS  ] int13_harddisk: function 48, ELDL out of range c3
00022462965i[BIOS  ] int13_harddisk: function 48, ELDL out of range c4
00022466280i[BIOS  ] int13_harddisk: function 48, ELDL out of range c5
00022469600i[BIOS  ] int13_harddisk: function 48, ELDL out of range c6
00022472920i[BIOS  ] int13_harddisk: function 48, ELDL out of range c7
00022476240i[BIOS  ] int13_harddisk: function 48, ELDL out of range c8
00022479560i[BIOS  ] int13_harddisk: function 48, ELDL out of range c9
00022482880i[BIOS  ] int13_harddisk: function 48, ELDL out of range ca
00022486200i[BIOS  ] int13_harddisk: function 48, ELDL out of range cb
00022489520i[BIOS  ] int13_harddisk: function 48, ELDL out of range cc
00022492840i[BIOS  ] int13_harddisk: function 48, ELDL out of range cd
00022496160i[BIOS  ] int13_harddisk: function 48, ELDL out of range ce
00022499480i[BIOS  ] int13_harddisk: function 48, ELDL out of range cf
00022502795i[BIOS  ] int13_harddisk: function 48, ELDL out of range d0
00022506115i[BIOS  ] int13_harddisk: function 48, ELDL out of range d1
00022509435i[BIOS  ] int13_harddisk: function 48, ELDL out of range d2
00022512755i[BIOS  ] int13_harddisk: function 48, ELDL out of range d3
00022516075i[BIOS  ] int13_harddisk: function 48, ELDL out of range d4
00022519390i[BIOS  ] int13_harddisk: function 48, ELDL out of range d5
00022522710i[BIOS  ] int13_harddisk: function 48, ELDL out of range d6
00022526030i[BIOS  ] int13_harddisk: function 48, ELDL out of range d7
00022529350i[BIOS  ] int13_harddisk: function 48, ELDL out of range d8
00022532670i[BIOS  ] int13_harddisk: function 48, ELDL out of range d9
00022535990i[BIOS  ] int13_harddisk: function 48, ELDL out of range da
00022539310i[BIOS  ] int13_harddisk: function 48, ELDL out of range db
00022542630i[BIOS  ] int13_harddisk: function 48, ELDL out of range dc
00022545950i[BIOS  ] int13_harddisk: function 48, ELDL out of range dd
00022549270i[BIOS  ] int13_harddisk: function 48, ELDL out of range de
00022552590i[BIOS  ] int13_harddisk: function 48, ELDL out of range df
00023534775i[BIOS  ] int13_cdrom: function 48, unmapped device for ELDL=e1
00023538325i[BIOS  ] int13_cdrom: function 48, unmapped device for ELDL=e2
00023541875i[BIOS  ] int13_cdrom: function 48, unmapped device for ELDL=e3
00023545420i[BIOS  ] int13_cdrom: function 48, unmapped device for ELDL=e4
00023548970i[BIOS  ] int13_cdrom: function 48, unmapped device for ELDL=e5
00023552520i[BIOS  ] int13_cdrom: function 48, unmapped device for ELDL=e6
00023556070i[BIOS  ] int13_cdrom: function 48, unmapped device for ELDL=e7
00023559230i[BIOS  ] int13_cdrom: function 48, ELDL out of range e8
00023562395i[BIOS  ] int13_cdrom: function 48, ELDL out of range e9
00023565555i[BIOS  ] int13_cdrom: function 48, ELDL out of range ea
00023568720i[BIOS  ] int13_cdrom: function 48, ELDL out of range eb
00023571880i[BIOS  ] int13_cdrom: function 48, ELDL out of range ec
00023575045i[BIOS  ] int13_cdrom: function 48, ELDL out of range ed
00023578210i[BIOS  ] int13_cdrom: function 48, ELDL out of range ee
00023581370i[BIOS  ] int13_cdrom: function 48, ELDL out of range ef
00026563645i[BXVGA ] VBE set bpp (32)
00026563655i[BXVGA ] VBE set xres (1920)
00026563670i[BXVGA ] VBE set yres (1200)
00026563750i[BXVGA ] VBE enabling x 1920, y 1200, bpp 32, 9216000 bytes visible
00132883735i[BIOS  ] *** int 15h function AX=ec00, BX=0002 not yet supported!
00142884710i[CPU0  ] [142884710] Stopped on MAGIC BREAKPOINT
00142885158i[CPU0  ] [142885158] Stopped on MAGIC BREAKPOINT
00142885163i[      ] dbg: Quit
00142885163i[CPU0  ] CPU is in long mode (active)
00142885163i[CPU0  ] CS.mode = 64 bit
00142885163i[CPU0  ] SS.mode = 64 bit
00142885163i[CPU0  ] EFER = 0x00000d00: ffxsr NXE LMA LME sce
00142885163i[CPU0  ] XCR0=0x00000001: tiledata tilecfg hwp lbr uintr hdc cet_s cet_u pasid pkru pt hi_zmm zmm_hi256 opmask bndcfg bndregs ymm sse FPU
00142885163i[CPU0  ] | RAX=ffff80001008ffff  RBX=0000000000000000
00142885163i[CPU0  ] | RCX=0000000000000010  RDX=0000000000000000
00142885163i[CPU0  ] | RSP=ffff80003ffc0ff8  RBP=0000000000000000
00142885163i[CPU0  ] | RSI=ffffffff80002011  RDI=0000000000000000
00142885163i[CPU0  ] |  R8=0000000000000000   R9=0000000000000000
00142885163i[CPU0  ] | R10=0000000000000000  R11=0000000000000000
00142885163i[CPU0  ] | R12=0000000000000000  R13=0000000000000000
00142885163i[CPU0  ] | R14=0000000000000000  R15=0000000000000000
00142885163i[CPU0  ] | EFLAGS=00000083: id vip vif ac vm rf nt IOPL=0 of df if tf SF zf af pf CF
00142885163i[CPU0  ] | SEG sltr(index|ti|rpl)     base    limit G D
00142885163i[CPU0  ] |  CS:0028( 0005| 0|  0) 00000000 00000000 0 0
00142885163i[CPU0  ] |  DS:0030( 0006| 0|  0) 00000000 00000000 0 0
00142885163i[CPU0  ] |  SS:0030( 0006| 0|  0) 00000000 00000000 0 0
00142885163i[CPU0  ] |  ES:0030( 0006| 0|  0) 00000000 00000000 0 0
00142885163i[CPU0  ] |  FS:0030( 0006| 0|  0) 00000000 00000000 0 0
00142885163i[CPU0  ] |  GS:0030( 0006| 0|  0) 00000000 00000000 0 0
00142885163i[CPU0  ] |  MSR_FS_BASE:0000000000000000
00142885163i[CPU0  ] |  MSR_GS_BASE:0000000000000000
00142885163i[CPU0  ] | RIP=ffffffff8000103c (ffffffff8000103c)
00142885163i[CPU0  ] | CR0=0x80010011: PG cd nw ac WP ne ET ts em mp PE
00142885163i[CPU0  ] | CR2=0x0000000000000000
00142885163i[CPU0  ] | CR3=0x000000003ffb0000
00142885163i[CPU0  ] | CR4=0x00000020: lass uintr pks cet pke smap smep keylock osxsave pcid fsgsbase smx vmx la57 umip osxmmexcpt osfxsr pce pge mce PAE pse de tsd pvi vme
00142885163i[CPU1  ] CPU is in real mode (halted)
00142885163i[CPU1  ] CS.mode = 16 bit
00142885163i[CPU1  ] SS.mode = 16 bit
00142885163i[CPU1  ] EFER = 0x00000000: ffxsr nxe lma lme sce
00142885163i[CPU1  ] XCR0=0x00000001: tiledata tilecfg hwp lbr uintr hdc cet_s cet_u pasid pkru pt hi_zmm zmm_hi256 opmask bndcfg bndregs ymm sse FPU
00142885163i[CPU1  ] | EAX=00000005  EBX=01010800  ECX=0000003a  EDX=00000000
00142885163i[CPU1  ] | ESP=00000000  EBP=00000000  ESI=00000000  EDI=00000000
00142885163i[CPU1  ] | EFLAGS=00000002: id vip vif ac vm rf nt IOPL=0 of df if tf sf zf af pf cf
00142885163i[CPU1  ] | SEG sltr(index|ti|rpl)     base    limit G D
00142885163i[CPU1  ] |  CS:9f00( 1e00| 0|  0) 0009f000 0000ffff 0 0
00142885163i[CPU1  ] |  DS:0000( 0000| 0|  0) 00000000 0000ffff 0 0
00142885163i[CPU1  ] |  SS:0000( 0000| 0|  0) 00000000 0000ffff 0 0
00142885163i[CPU1  ] |  ES:0000( 0000| 0|  0) 00000000 0000ffff 0 0
00142885163i[CPU1  ] |  FS:0000( 0000| 0|  0) 00000000 0000ffff 0 0
00142885163i[CPU1  ] |  GS:0000( 0000| 0|  0) 00000000 0000ffff 0 0
00142885163i[CPU1  ] | EIP=00000048 (00000048)
00142885163i[CPU1  ] | CR0=0x60000010: pg CD NW ac wp ne ET ts em mp pe
00142885163i[CPU1  ] | CR2=0x00000000
00142885163i[CPU1  ] | CR3=0x00000000
00142885163i[CPU1  ] | CR4=0x00000000: lass uintr pks cet pke smap smep keylock osxsave pcid fsgsbase smx vmx la57 umip osxmmexcpt osfxsr pce pge mce pae pse de tsd pvi vme
00142885163i[CMOS  ] Last time: 1761053400 tz=utc (Tue Oct 21 13:30:00   2025)
00142885163i[      ] Saving gui debugger settings to local ini file
00142885163i[XGUI  ] Exit
00142885163i[SIM   ] quit_sim called with exit code 0
